<?xml version="1.0" encoding="utf-8"?><testsuites name="pytest tests"><testsuite name="pytest" errors="0" failures="0" skipped="0" tests="31" time="15.135" timestamp="2026-09-14T01:41:27.343548+00:00" hostname="agent-env-b427ac2b-6ce3-4bb6-90d5-616f1463ccbd"><testcase classname="tests.backend_test.TestAuth" name="test_me_with_bearer" time="0.742" /><testcase classname="tests.backend_test.TestAuth" name="test_me_without_token" time="0.228" /><testcase classname="tests.backend_test.TestAuth" name="test_login" time="0.431" /><testcase classname="tests.backend_test.TestAuth" name="test_login_bad_password" time="0.383" /><testcase classname="tests.backend_test.TestAuth" name="test_logout" time="0.195" /><testcase classname="tests.backend_test.TestAuth" name="test_forgot_and_reset_password" time="1.065" /><testcase classname="tests.backend_test.TestMeta" name="test_meta" time="0.181" /><testcase classname="tests.backend_test.TestProfile" name="test_get_profile_autocreates" time="0.197" /><testcase classname="tests.backend_test.TestProfile" name="test_partial_update_keeps_prior" time="0.439" /><testcase classname="tests.backend_test.TestProfile" name="test_full_update_to_100" time="0.404" /><testcase classname="tests.backend_test.TestUniversities" name="test_list" time="0.219" /><testcase classname="tests.backend_test.TestUniversities" name="test_filter_country" time="0.371" /><testcase classname="tests.backend_test.TestUniversities" name="test_sort_tuition_low" time="0.163" /><testcase classname="tests.backend_test.TestUniversities" name="test_search" time="0.219" /><testcase classname="tests.backend_test.TestUniversities" name="test_detail_ok" time="0.389" /><testcase classname="tests.backend_test.TestUniversities" name="test_detail_404" time="0.227" /><testcase classname="tests.backend_test.TestRecommendations" name="test_recommendations_shape_and_sort" time="2.854" /><testcase classname="tests.backend_test.TestRecommendations" name="test_determinism" time="0.537" /><testcase classname="tests.backend_test.TestRecommendations" name="test_missing_data_estimated_confidence" time="0.712" /><testcase classname="tests.backend_test.TestRecommendations" name="test_recommendation_detail" time="0.417" /><testcase classname="tests.backend_test.TestCompare" name="test_compare_ok" time="0.397" /><testcase classname="tests.backend_test.TestCompare" name="test_compare_too_few" time="0.196" /><testcase classname="tests.backend_test.TestCompare" name="test_compare_too_many" time="0.394" /><testcase classname="tests.backend_test.TestScholarshipsEstimate" name="test_estimate_sorted" time="0.205" /><testcase classname="tests.backend_test.TestSaved" name="test_add" time="0.415" /><testcase classname="tests.backend_test.TestSaved" name="test_dup_400" time="0.198" /><testcase classname="tests.backend_test.TestSaved" name="test_list_with_fit" time="0.215" /><testcase classname="tests.backend_test.TestSaved" name="test_patch" time="0.225" /><testcase classname="tests.backend_test.TestSaved" name="test_delete" time="1.702" /><testcase classname="tests.backend_test.TestTimelineDashboard" name="test_timeline" time="0.563" /><testcase classname="tests.backend_test.TestTimelineDashboard" name="test_dashboard" time="0.181" /></testsuite></testsuites>